{
    "meta": {
        "format": 3,
        "version": "7.13.0",
        "timestamp": "2025-12-17T18:07:20.043524",
        "branch_coverage": true,
        "show_contexts": false
    },
    "files": {
        "app/__init__.py": {
            "executed_lines": [
                1
            ],
            "summary": {
                "covered_lines": 0,
                "num_statements": 0,
                "percent_covered": 100.0,
                "percent_covered_display": "100.00",
                "missing_lines": 0,
                "excluded_lines": 0,
                "percent_statements_covered": 100.0,
                "percent_statements_covered_display": "100.00",
                "num_branches": 0,
                "num_partial_branches": 0,
                "covered_branches": 0,
                "missing_branches": 0,
                "percent_branches_covered": 100.0,
                "percent_branches_covered_display": "100.00"
            },
            "missing_lines": [],
            "excluded_lines": [],
            "executed_branches": [],
            "missing_branches": [],
            "functions": {
                "": {
                    "executed_lines": [
                        1
                    ],
                    "summary": {
                        "covered_lines": 0,
                        "num_statements": 0,
                        "percent_covered": 100.0,
                        "percent_covered_display": "100.00",
                        "missing_lines": 0,
                        "excluded_lines": 0,
                        "percent_statements_covered": 100.0,
                        "percent_statements_covered_display": "100.00",
                        "num_branches": 0,
                        "num_partial_branches": 0,
                        "covered_branches": 0,
                        "missing_branches": 0,
                        "percent_branches_covered": 100.0,
                        "percent_branches_covered_display": "100.00"
                    },
                    "missing_lines": [],
                    "excluded_lines": [],
                    "executed_branches": [],
                    "missing_branches": []
                }
            },
            "classes": {
                "": {
                    "executed_lines": [
                        1
                    ],
                    "summary": {
                        "covered_lines": 0,
                        "num_statements": 0,
                        "percent_covered": 100.0,
                        "percent_covered_display": "100.00",
                        "missing_lines": 0,
                        "excluded_lines": 0,
                        "percent_statements_covered": 100.0,
                        "percent_statements_covered_display": "100.00",
                        "num_branches": 0,
                        "num_partial_branches": 0,
                        "covered_branches": 0,
                        "missing_branches": 0,
                        "percent_branches_covered": 100.0,
                        "percent_branches_covered_display": "100.00"
                    },
                    "missing_lines": [],
                    "excluded_lines": [],
                    "executed_branches": [],
                    "missing_branches": []
                }
            }
        },
        "app/auth/__init__.py": {
            "executed_lines": [
                1,
                3,
                5
            ],
            "summary": {
                "covered_lines": 2,
                "num_statements": 2,
                "percent_covered": 100.0,
                "percent_covered_display": "100.00",
                "missing_lines": 0,
                "excluded_lines": 0,
                "percent_statements_covered": 100.0,
                "percent_statements_covered_display": "100.00",
                "num_branches": 0,
                "num_partial_branches": 0,
                "covered_branches": 0,
                "missing_branches": 0,
                "percent_branches_covered": 100.0,
                "percent_branches_covered_display": "100.00"
            },
            "missing_lines": [],
            "excluded_lines": [],
            "executed_branches": [],
            "missing_branches": [],
            "functions": {
                "": {
                    "executed_lines": [
                        1,
                        3,
                        5
                    ],
                    "summary": {
                        "covered_lines": 2,
                        "num_statements": 2,
                        "percent_covered": 100.0,
                        "percent_covered_display": "100.00",
                        "missing_lines": 0,
                        "excluded_lines": 0,
                        "percent_statements_covered": 100.0,
                        "percent_statements_covered_display": "100.00",
                        "num_branches": 0,
                        "num_partial_branches": 0,
                        "covered_branches": 0,
                        "missing_branches": 0,
                        "percent_branches_covered": 100.0,
                        "percent_branches_covered_display": "100.00"
                    },
                    "missing_lines": [],
                    "excluded_lines": [],
                    "executed_branches": [],
                    "missing_branches": []
                }
            },
            "classes": {
                "": {
                    "executed_lines": [
                        1,
                        3,
                        5
                    ],
                    "summary": {
                        "covered_lines": 2,
                        "num_statements": 2,
                        "percent_covered": 100.0,
                        "percent_covered_display": "100.00",
                        "missing_lines": 0,
                        "excluded_lines": 0,
                        "percent_statements_covered": 100.0,
                        "percent_statements_covered_display": "100.00",
                        "num_branches": 0,
                        "num_partial_branches": 0,
                        "covered_branches": 0,
                        "missing_branches": 0,
                        "percent_branches_covered": 100.0,
                        "percent_branches_covered_display": "100.00"
                    },
                    "missing_lines": [],
                    "excluded_lines": [],
                    "executed_branches": [],
                    "missing_branches": []
                }
            }
        },
        "app/auth/config.py": {
            "executed_lines": [
                1,
                8,
                9,
                10,
                13,
                14,
                19,
                22,
                26,
                30,
                32,
                33,
                34,
                35,
                39
            ],
            "summary": {
                "covered_lines": 13,
                "num_statements": 13,
                "percent_covered": 100.0,
                "percent_covered_display": "100.00",
                "missing_lines": 0,
                "excluded_lines": 0,
                "percent_statements_covered": 100.0,
                "percent_statements_covered_display": "100.00",
                "num_branches": 0,
                "num_partial_branches": 0,
                "covered_branches": 0,
                "missing_branches": 0,
                "percent_branches_covered": 100.0,
                "percent_branches_covered_display": "100.00"
            },
            "missing_lines": [],
            "excluded_lines": [],
            "executed_branches": [],
            "missing_branches": [],
            "functions": {
                "": {
                    "executed_lines": [
                        1,
                        8,
                        9,
                        10,
                        13,
                        14,
                        19,
                        22,
                        26,
                        30,
                        32,
                        33,
                        34,
                        35,
                        39
                    ],
                    "summary": {
                        "covered_lines": 13,
                        "num_statements": 13,
                        "percent_covered": 100.0,
                        "percent_covered_display": "100.00",
                        "missing_lines": 0,
                        "excluded_lines": 0,
                        "percent_statements_covered": 100.0,
                        "percent_statements_covered_display": "100.00",
                        "num_branches": 0,
                        "num_partial_branches": 0,
                        "covered_branches": 0,
                        "missing_branches": 0,
                        "percent_branches_covered": 100.0,
                        "percent_branches_covered_display": "100.00"
                    },
                    "missing_lines": [],
                    "excluded_lines": [],
                    "executed_branches": [],
                    "missing_branches": []
                }
            },
            "classes": {
                "AuthConfig": {
                    "executed_lines": [],
                    "summary": {
                        "covered_lines": 0,
                        "num_statements": 0,
                        "percent_covered": 100.0,
                        "percent_covered_display": "100.00",
                        "missing_lines": 0,
                        "excluded_lines": 0,
                        "percent_statements_covered": 100.0,
                        "percent_statements_covered_display": "100.00",
                        "num_branches": 0,
                        "num_partial_branches": 0,
                        "covered_branches": 0,
                        "missing_branches": 0,
                        "percent_branches_covered": 100.0,
                        "percent_branches_covered_display": "100.00"
                    },
                    "missing_lines": [],
                    "excluded_lines": [],
                    "executed_branches": [],
                    "missing_branches": []
                },
                "AuthConfig.Config": {
                    "executed_lines": [],
                    "summary": {
                        "covered_lines": 0,
                        "num_statements": 0,
                        "percent_covered": 100.0,
                        "percent_covered_display": "100.00",
                        "missing_lines": 0,
                        "excluded_lines": 0,
                        "percent_statements_covered": 100.0,
                        "percent_statements_covered_display": "100.00",
                        "num_branches": 0,
                        "num_partial_branches": 0,
                        "covered_branches": 0,
                        "missing_branches": 0,
                        "percent_branches_covered": 100.0,
                        "percent_branches_covered_display": "100.00"
                    },
                    "missing_lines": [],
                    "excluded_lines": [],
                    "executed_branches": [],
                    "missing_branches": []
                },
                "": {
                    "executed_lines": [
                        1,
                        8,
                        9,
                        10,
                        13,
                        14,
                        19,
                        22,
                        26,
                        30,
                        32,
                        33,
                        34,
                        35,
                        39
                    ],
                    "summary": {
                        "covered_lines": 13,
                        "num_statements": 13,
                        "percent_covered": 100.0,
                        "percent_covered_display": "100.00",
                        "missing_lines": 0,
                        "excluded_lines": 0,
                        "percent_statements_covered": 100.0,
                        "percent_statements_covered_display": "100.00",
                        "num_branches": 0,
                        "num_partial_branches": 0,
                        "covered_branches": 0,
                        "missing_branches": 0,
                        "percent_branches_covered": 100.0,
                        "percent_branches_covered_display": "100.00"
                    },
                    "missing_lines": [],
                    "excluded_lines": [],
                    "executed_branches": [],
                    "missing_branches": []
                }
            }
        },
        "app/auth/dependencies.py": {
            "executed_lines": [
                1,
                4,
                5,
                6,
                7,
                8,
                9,
                10,
                11,
                14,
                32,
                35,
                75,
                91,
                99
            ],
            "summary": {
                "covered_lines": 14,
                "num_statements": 29,
                "percent_covered": 40.0,
                "percent_covered_display": "40.00",
                "missing_lines": 15,
                "excluded_lines": 1,
                "percent_statements_covered": 48.275862068965516,
                "percent_statements_covered_display": "48.28",
                "num_branches": 6,
                "num_partial_branches": 0,
                "covered_branches": 0,
                "missing_branches": 6,
                "percent_branches_covered": 0.0,
                "percent_branches_covered_display": "0.00"
            },
            "missing_lines": [
                24,
                25,
                26,
                28,
                54,
                55,
                58,
                60,
                61,
                66,
                67,
                72,
                92,
                93,
                97
            ],
            "excluded_lines": [
                76
            ],
            "executed_branches": [],
            "missing_branches": [
                [
                    60,
                    61
                ],
                [
                    60,
                    66
                ],
                [
                    66,
                    67
                ],
                [
                    66,
                    72
                ],
                [
                    92,
                    93
                ],
                [
                    92,
                    97
                ]
            ],
            "functions": {
                "get_db": {
                    "executed_lines": [],
                    "summary": {
                        "covered_lines": 0,
                        "num_statements": 4,
                        "percent_covered": 0.0,
                        "percent_covered_display": "0.00",
                        "missing_lines": 4,
                        "excluded_lines": 0,
                        "percent_statements_covered": 0.0,
                        "percent_statements_covered_display": "0.00",
                        "num_branches": 0,
                        "num_partial_branches": 0,
                        "covered_branches": 0,
                        "missing_branches": 0,
                        "percent_branches_covered": 100.0,
                        "percent_branches_covered_display": "100.00"
                    },
                    "missing_lines": [
                        24,
                        25,
                        26,
                        28
                    ],
                    "excluded_lines": [],
                    "executed_branches": [],
                    "missing_branches": []
                },
                "get_current_user": {
                    "executed_lines": [],
                    "summary": {
                        "covered_lines": 0,
                        "num_statements": 8,
                        "percent_covered": 0.0,
                        "percent_covered_display": "0.00",
                        "missing_lines": 8,
                        "excluded_lines": 0,
                        "percent_statements_covered": 0.0,
                        "percent_statements_covered_display": "0.00",
                        "num_branches": 4,
                        "num_partial_branches": 0,
                        "covered_branches": 0,
                        "missing_branches": 4,
                        "percent_branches_covered": 0.0,
                        "percent_branches_covered_display": "0.00"
                    },
                    "missing_lines": [
                        54,
                        55,
                        58,
                        60,
                        61,
                        66,
                        67,
                        72
                    ],
                    "excluded_lines": [],
                    "executed_branches": [],
                    "missing_branches": [
                        [
                            60,
                            61
                        ],
                        [
                            60,
                            66
                        ],
                        [
                            66,
                            67
                        ],
                        [
                            66,
                            72
                        ]
                    ]
                },
                "require_role": {
                    "executed_lines": [
                        91,
                        99
                    ],
                    "summary": {
                        "covered_lines": 2,
                        "num_statements": 2,
                        "percent_covered": 100.0,
                        "percent_covered_display": "100.00",
                        "missing_lines": 0,
                        "excluded_lines": 1,
                        "percent_statements_covered": 100.0,
                        "percent_statements_covered_display": "100.00",
                        "num_branches": 0,
                        "num_partial_branches": 0,
                        "covered_branches": 0,
                        "missing_branches": 0,
                        "percent_branches_covered": 100.0,
                        "percent_branches_covered_display": "100.00"
                    },
                    "missing_lines": [],
                    "excluded_lines": [
                        76
                    ],
                    "executed_branches": [],
                    "missing_branches": []
                },
                "require_role.role_checker": {
                    "executed_lines": [],
                    "summary": {
                        "covered_lines": 0,
                        "num_statements": 3,
                        "percent_covered": 0.0,
                        "percent_covered_display": "0.00",
                        "missing_lines": 3,
                        "excluded_lines": 0,
                        "percent_statements_covered": 0.0,
                        "percent_statements_covered_display": "0.00",
                        "num_branches": 2,
                        "num_partial_branches": 0,
                        "covered_branches": 0,
                        "missing_branches": 2,
                        "percent_branches_covered": 0.0,
                        "percent_branches_covered_display": "0.00"
                    },
                    "missing_lines": [
                        92,
                        93,
                        97
                    ],
                    "excluded_lines": [],
                    "executed_branches": [],
                    "missing_branches": [
                        [
                            92,
                            93
                        ],
                        [
                            92,
                            97
                        ]
                    ]
                },
                "": {
                    "executed_lines": [
                        1,
                        4,
                        5,
                        6,
                        7,
                        8,
                        9,
                        10,
                        11,
                        14,
                        32,
                        35,
                        75
                    ],
                    "summary": {
                        "covered_lines": 12,
                        "num_statements": 12,
                        "percent_covered": 100.0,
                        "percent_covered_display": "100.00",
                        "missing_lines": 0,
                        "excluded_lines": 0,
                        "percent_statements_covered": 100.0,
                        "percent_statements_covered_display": "100.00",
                        "num_branches": 0,
                        "num_partial_branches": 0,
                        "covered_branches": 0,
                        "missing_branches": 0,
                        "percent_branches_covered": 100.0,
                        "percent_branches_covered_display": "100.00"
                    },
                    "missing_lines": [],
                    "excluded_lines": [],
                    "executed_branches": [],
                    "missing_branches": []
                }
            },
            "classes": {
                "": {
                    "executed_lines": [
                        1,
                        4,
                        5,
                        6,
                        7,
                        8,
                        9,
                        10,
                        11,
                        14,
                        32,
                        35,
                        75,
                        91,
                        99
                    ],
                    "summary": {
                        "covered_lines": 14,
                        "num_statements": 29,
                        "percent_covered": 40.0,
                        "percent_covered_display": "40.00",
                        "missing_lines": 15,
                        "excluded_lines": 1,
                        "percent_statements_covered": 48.275862068965516,
                        "percent_statements_covered_display": "48.28",
                        "num_branches": 6,
                        "num_partial_branches": 0,
                        "covered_branches": 0,
                        "missing_branches": 6,
                        "percent_branches_covered": 0.0,
                        "percent_branches_covered_display": "0.00"
                    },
                    "missing_lines": [
                        24,
                        25,
                        26,
                        28,
                        54,
                        55,
                        58,
                        60,
                        61,
                        66,
                        67,
                        72,
                        92,
                        93,
                        97
                    ],
                    "excluded_lines": [
                        76
                    ],
                    "executed_branches": [],
                    "missing_branches": [
                        [
                            60,
                            61
                        ],
                        [
                            60,
                            66
                        ],
                        [
                            66,
                            67
                        ],
                        [
                            66,
                            72
                        ],
                        [
                            92,
                            93
                        ],
                        [
                            92,
                            97
                        ]
                    ]
                }
            }
        },
        "app/auth/models.py": {
            "executed_lines": [
                1,
                4,
                5,
                7,
                8,
                9,
                11,
                14,
                15,
                18,
                21,
                22,
                23,
                26,
                29,
                32,
                35,
                38,
                41,
                44
            ],
            "summary": {
                "covered_lines": 18,
                "num_statements": 18,
                "percent_covered": 100.0,
                "percent_covered_display": "100.00",
                "missing_lines": 0,
                "excluded_lines": 0,
                "percent_statements_covered": 100.0,
                "percent_statements_covered_display": "100.00",
                "num_branches": 0,
                "num_partial_branches": 0,
                "covered_branches": 0,
                "missing_branches": 0,
                "percent_branches_covered": 100.0,
                "percent_branches_covered_display": "100.00"
            },
            "missing_lines": [],
            "excluded_lines": [],
            "executed_branches": [],
            "missing_branches": [],
            "functions": {
                "": {
                    "executed_lines": [
                        1,
                        4,
                        5,
                        7,
                        8,
                        9,
                        11,
                        14,
                        15,
                        18,
                        21,
                        22,
                        23,
                        26,
                        29,
                        32,
                        35,
                        38,
                        41,
                        44
                    ],
                    "summary": {
                        "covered_lines": 18,
                        "num_statements": 18,
                        "percent_covered": 100.0,
                        "percent_covered_display": "100.00",
                        "missing_lines": 0,
                        "excluded_lines": 0,
                        "percent_statements_covered": 100.0,
                        "percent_statements_covered_display": "100.00",
                        "num_branches": 0,
                        "num_partial_branches": 0,
                        "covered_branches": 0,
                        "missing_branches": 0,
                        "percent_branches_covered": 100.0,
                        "percent_branches_covered_display": "100.00"
                    },
                    "missing_lines": [],
                    "excluded_lines": [],
                    "executed_branches": [],
                    "missing_branches": []
                }
            },
            "classes": {
                "AuthSession": {
                    "executed_lines": [],
                    "summary": {
                        "covered_lines": 0,
                        "num_statements": 0,
                        "percent_covered": 100.0,
                        "percent_covered_display": "100.00",
                        "missing_lines": 0,
                        "excluded_lines": 0,
                        "percent_statements_covered": 100.0,
                        "percent_statements_covered_display": "100.00",
                        "num_branches": 0,
                        "num_partial_branches": 0,
                        "covered_branches": 0,
                        "missing_branches": 0,
                        "percent_branches_covered": 100.0,
                        "percent_branches_covered_display": "100.00"
                    },
                    "missing_lines": [],
                    "excluded_lines": [],
                    "executed_branches": [],
                    "missing_branches": []
                },
                "": {
                    "executed_lines": [
                        1,
                        4,
                        5,
                        7,
                        8,
                        9,
                        11,
                        14,
                        15,
                        18,
                        21,
                        22,
                        23,
                        26,
                        29,
                        32,
                        35,
                        38,
                        41,
                        44
                    ],
                    "summary": {
                        "covered_lines": 18,
                        "num_statements": 18,
                        "percent_covered": 100.0,
                        "percent_covered_display": "100.00",
                        "missing_lines": 0,
                        "excluded_lines": 0,
                        "percent_statements_covered": 100.0,
                        "percent_statements_covered_display": "100.00",
                        "num_branches": 0,
                        "num_partial_branches": 0,
                        "covered_branches": 0,
                        "missing_branches": 0,
                        "percent_branches_covered": 100.0,
                        "percent_branches_covered_display": "100.00"
                    },
                    "missing_lines": [],
                    "excluded_lines": [],
                    "executed_branches": [],
                    "missing_branches": []
                }
            }
        },
        "app/auth/router.py": {
            "executed_lines": [
                1,
                4,
                5,
                6,
                7,
                9,
                10,
                11,
                12,
                13,
                20,
                21,
                24,
                27,
                28,
                29,
                90,
                91,
                92,
                161,
                162,
                163,
                242,
                243,
                272,
                273
            ],
            "summary": {
                "covered_lines": 24,
                "num_statements": 74,
                "percent_covered": 27.906976744186046,
                "percent_covered_display": "27.91",
                "missing_lines": 50,
                "excluded_lines": 9,
                "percent_statements_covered": 32.432432432432435,
                "percent_statements_covered_display": "32.43",
                "num_branches": 12,
                "num_partial_branches": 0,
                "covered_branches": 0,
                "missing_branches": 12,
                "percent_branches_covered": 0.0,
                "percent_branches_covered_display": "0.00"
            },
            "missing_lines": [
                48,
                50,
                64,
                65,
                71,
                72,
                75,
                80,
                81,
                83,
                111,
                112,
                113,
                130,
                131,
                132,
                133,
                134,
                135,
                136,
                142,
                143,
                146,
                151,
                152,
                154,
                185,
                189,
                190,
                196,
                197,
                203,
                204,
                210,
                212,
                213,
                219,
                220,
                223,
                224,
                227,
                232,
                233,
                235,
                260,
                265,
                266,
                267,
                269,
                283
            ],
            "excluded_lines": [
                13,
                30,
                51,
                56,
                57,
                58,
                93,
                119,
                274
            ],
            "executed_branches": [],
            "missing_branches": [
                [
                    64,
                    65
                ],
                [
                    64,
                    71
                ],
                [
                    189,
                    190
                ],
                [
                    189,
                    196
                ],
                [
                    196,
                    197
                ],
                [
                    196,
                    203
                ],
                [
                    203,
                    204
                ],
                [
                    203,
                    210
                ],
                [
                    212,
                    213
                ],
                [
                    212,
                    219
                ],
                [
                    265,
                    266
                ],
                [
                    265,
                    269
                ]
            ],
            "functions": {
                "login": {
                    "executed_lines": [],
                    "summary": {
                        "covered_lines": 0,
                        "num_statements": 10,
                        "percent_covered": 0.0,
                        "percent_covered_display": "0.00",
                        "missing_lines": 10,
                        "excluded_lines": 5,
                        "percent_statements_covered": 0.0,
                        "percent_statements_covered_display": "0.00",
                        "num_branches": 2,
                        "num_partial_branches": 0,
                        "covered_branches": 0,
                        "missing_branches": 2,
                        "percent_branches_covered": 0.0,
                        "percent_branches_covered_display": "0.00"
                    },
                    "missing_lines": [
                        48,
                        50,
                        64,
                        65,
                        71,
                        72,
                        75,
                        80,
                        81,
                        83
                    ],
                    "excluded_lines": [
                        30,
                        51,
                        56,
                        57,
                        58
                    ],
                    "executed_branches": [],
                    "missing_branches": [
                        [
                            64,
                            65
                        ],
                        [
                            64,
                            71
                        ]
                    ]
                },
                "signup": {
                    "executed_lines": [],
                    "summary": {
                        "covered_lines": 0,
                        "num_statements": 16,
                        "percent_covered": 0.0,
                        "percent_covered_display": "0.00",
                        "missing_lines": 16,
                        "excluded_lines": 2,
                        "percent_statements_covered": 0.0,
                        "percent_statements_covered_display": "0.00",
                        "num_branches": 0,
                        "num_partial_branches": 0,
                        "covered_branches": 0,
                        "missing_branches": 0,
                        "percent_branches_covered": 100.0,
                        "percent_branches_covered_display": "100.00"
                    },
                    "missing_lines": [
                        111,
                        112,
                        113,
                        130,
                        131,
                        132,
                        133,
                        134,
                        135,
                        136,
                        142,
                        143,
                        146,
                        151,
                        152,
                        154
                    ],
                    "excluded_lines": [
                        93,
                        119
                    ],
                    "executed_branches": [],
                    "missing_branches": []
                },
                "refresh_token": {
                    "executed_lines": [],
                    "summary": {
                        "covered_lines": 0,
                        "num_statements": 18,
                        "percent_covered": 0.0,
                        "percent_covered_display": "0.00",
                        "missing_lines": 18,
                        "excluded_lines": 0,
                        "percent_statements_covered": 0.0,
                        "percent_statements_covered_display": "0.00",
                        "num_branches": 8,
                        "num_partial_branches": 0,
                        "covered_branches": 0,
                        "missing_branches": 8,
                        "percent_branches_covered": 0.0,
                        "percent_branches_covered_display": "0.00"
                    },
                    "missing_lines": [
                        185,
                        189,
                        190,
                        196,
                        197,
                        203,
                        204,
                        210,
                        212,
                        213,
                        219,
                        220,
                        223,
                        224,
                        227,
                        232,
                        233,
                        235
                    ],
                    "excluded_lines": [],
                    "executed_branches": [],
                    "missing_branches": [
                        [
                            189,
                            190
                        ],
                        [
                            189,
                            196
                        ],
                        [
                            196,
                            197
                        ],
                        [
                            196,
                            203
                        ],
                        [
                            203,
                            204
                        ],
                        [
                            203,
                            210
                        ],
                        [
                            212,
                            213
                        ],
                        [
                            212,
                            219
                        ]
                    ]
                },
                "logout": {
                    "executed_lines": [],
                    "summary": {
                        "covered_lines": 0,
                        "num_statements": 5,
                        "percent_covered": 0.0,
                        "percent_covered_display": "0.00",
                        "missing_lines": 5,
                        "excluded_lines": 0,
                        "percent_statements_covered": 0.0,
                        "percent_statements_covered_display": "0.00",
                        "num_branches": 2,
                        "num_partial_branches": 0,
                        "covered_branches": 0,
                        "missing_branches": 2,
                        "percent_branches_covered": 0.0,
                        "percent_branches_covered_display": "0.00"
                    },
                    "missing_lines": [
                        260,
                        265,
                        266,
                        267,
                        269
                    ],
                    "excluded_lines": [],
                    "executed_branches": [],
                    "missing_branches": [
                        [
                            265,
                            266
                        ],
                        [
                            265,
                            269
                        ]
                    ]
                },
                "get_me": {
                    "executed_lines": [],
                    "summary": {
                        "covered_lines": 0,
                        "num_statements": 1,
                        "percent_covered": 0.0,
                        "percent_covered_display": "0.00",
                        "missing_lines": 1,
                        "excluded_lines": 1,
                        "percent_statements_covered": 0.0,
                        "percent_statements_covered_display": "0.00",
                        "num_branches": 0,
                        "num_partial_branches": 0,
                        "covered_branches": 0,
                        "missing_branches": 0,
                        "percent_branches_covered": 100.0,
                        "percent_branches_covered_display": "100.00"
                    },
                    "missing_lines": [
                        283
                    ],
                    "excluded_lines": [
                        274
                    ],
                    "executed_branches": [],
                    "missing_branches": []
                },
                "": {
                    "executed_lines": [
                        1,
                        4,
                        5,
                        6,
                        7,
                        9,
                        10,
                        11,
                        12,
                        13,
                        20,
                        21,
                        24,
                        27,
                        28,
                        29,
                        90,
                        91,
                        92,
                        161,
                        162,
                        163,
                        242,
                        243,
                        272,
                        273
                    ],
                    "summary": {
                        "covered_lines": 24,
                        "num_statements": 24,
                        "percent_covered": 100.0,
                        "percent_covered_display": "100.00",
                        "missing_lines": 0,
                        "excluded_lines": 1,
                        "percent_statements_covered": 100.0,
                        "percent_statements_covered_display": "100.00",
                        "num_branches": 0,
                        "num_partial_branches": 0,
                        "covered_branches": 0,
                        "missing_branches": 0,
                        "percent_branches_covered": 100.0,
                        "percent_branches_covered_display": "100.00"
                    },
                    "missing_lines": [],
                    "excluded_lines": [
                        13
                    ],
                    "executed_branches": [],
                    "missing_branches": []
                }
            },
            "classes": {
                "": {
                    "executed_lines": [
                        1,
                        4,
                        5,
                        6,
                        7,
                        9,
                        10,
                        11,
                        12,
                        13,
                        20,
                        21,
                        24,
                        27,
                        28,
                        29,
                        90,
                        91,
                        92,
                        161,
                        162,
                        163,
                        242,
                        243,
                        272,
                        273
                    ],
                    "summary": {
                        "covered_lines": 24,
                        "num_statements": 74,
                        "percent_covered": 27.906976744186046,
                        "percent_covered_display": "27.91",
                        "missing_lines": 50,
                        "excluded_lines": 9,
                        "percent_statements_covered": 32.432432432432435,
                        "percent_statements_covered_display": "32.43",
                        "num_branches": 12,
                        "num_partial_branches": 0,
                        "covered_branches": 0,
                        "missing_branches": 12,
                        "percent_branches_covered": 0.0,
                        "percent_branches_covered_display": "0.00"
                    },
                    "missing_lines": [
                        48,
                        50,
                        64,
                        65,
                        71,
                        72,
                        75,
                        80,
                        81,
                        83,
                        111,
                        112,
                        113,
                        130,
                        131,
                        132,
                        133,
                        134,
                        135,
                        136,
                        142,
                        143,
                        146,
                        151,
                        152,
                        154,
                        185,
                        189,
                        190,
                        196,
                        197,
                        203,
                        204,
                        210,
                        212,
                        213,
                        219,
                        220,
                        223,
                        224,
                        227,
                        232,
                        233,
                        235,
                        260,
                        265,
                        266,
                        267,
                        269,
                        283
                    ],
                    "excluded_lines": [
                        13,
                        30,
                        51,
                        56,
                        57,
                        58,
                        93,
                        119,
                        274
                    ],
                    "executed_branches": [],
                    "missing_branches": [
                        [
                            64,
                            65
                        ],
                        [
                            64,
                            71
                        ],
                        [
                            189,
                            190
                        ],
                        [
                            189,
                            196
                        ],
                        [
                            196,
                            197
                        ],
                        [
                            196,
                            203
                        ],
                        [
                            203,
                            204
                        ],
                        [
                            203,
                            210
                        ],
                        [
                            212,
                            213
                        ],
                        [
                            212,
                            219
                        ],
                        [
                            265,
                            266
                        ],
                        [
                            265,
                            269
                        ]
                    ]
                }
            }
        },
        "app/auth/schemas.py": {
            "executed_lines": [
                1,
                4,
                5,
                6,
                7,
                8,
                9,
                12,
                13,
                15,
                20,
                21,
                24,
                25,
                26,
                34,
                35,
                40,
                41,
                46,
                47,
                51,
                52,
                55,
                58,
                59,
                62,
                63,
                66,
                70,
                71
            ],
            "summary": {
                "covered_lines": 18,
                "num_statements": 19,
                "percent_covered": 94.73684210526316,
                "percent_covered_display": "94.74",
                "missing_lines": 1,
                "excluded_lines": 15,
                "percent_statements_covered": 94.73684210526316,
                "percent_statements_covered_display": "94.74",
                "num_branches": 0,
                "num_partial_branches": 0,
                "covered_branches": 0,
                "missing_branches": 0,
                "percent_branches_covered": 100.0,
                "percent_branches_covered_display": "100.00"
            },
            "missing_lines": [
                37
            ],
            "excluded_lines": [
                9,
                15,
                20,
                21,
                24,
                25,
                26,
                27,
                28,
                29,
                30,
                31,
                32,
                43,
                47
            ],
            "executed_branches": [],
            "missing_branches": [],
            "functions": {
                "UserCreate.validate_password": {
                    "executed_lines": [],
                    "summary": {
                        "covered_lines": 0,
                        "num_statements": 0,
                        "percent_covered": 100.0,
                        "percent_covered_display": "100.00",
                        "missing_lines": 0,
                        "excluded_lines": 6,
                        "percent_statements_covered": 100.0,
                        "percent_statements_covered_display": "100.00",
                        "num_branches": 0,
                        "num_partial_branches": 0,
                        "covered_branches": 0,
                        "missing_branches": 0,
                        "percent_branches_covered": 100.0,
                        "percent_branches_covered_display": "100.00"
                    },
                    "missing_lines": [],
                    "excluded_lines": [
                        27,
                        28,
                        29,
                        30,
                        31,
                        32
                    ],
                    "executed_branches": [],
                    "missing_branches": []
                },
                "UserCreate.full_name": {
                    "executed_lines": [],
                    "summary": {
                        "covered_lines": 0,
                        "num_statements": 1,
                        "percent_covered": 0.0,
                        "percent_covered_display": "0.00",
                        "missing_lines": 1,
                        "excluded_lines": 0,
                        "percent_statements_covered": 0.0,
                        "percent_statements_covered_display": "0.00",
                        "num_branches": 0,
                        "num_partial_branches": 0,
                        "covered_branches": 0,
                        "missing_branches": 0,
                        "percent_branches_covered": 100.0,
                        "percent_branches_covered_display": "100.00"
                    },
                    "missing_lines": [
                        37
                    ],
                    "excluded_lines": [],
                    "executed_branches": [],
                    "missing_branches": []
                },
                "": {
                    "executed_lines": [
                        1,
                        4,
                        5,
                        6,
                        7,
                        8,
                        9,
                        12,
                        13,
                        15,
                        20,
                        21,
                        24,
                        25,
                        26,
                        34,
                        35,
                        40,
                        41,
                        46,
                        47,
                        51,
                        52,
                        55,
                        58,
                        59,
                        62,
                        63,
                        66,
                        70,
                        71
                    ],
                    "summary": {
                        "covered_lines": 18,
                        "num_statements": 18,
                        "percent_covered": 100.0,
                        "percent_covered_display": "100.00",
                        "missing_lines": 0,
                        "excluded_lines": 9,
                        "percent_statements_covered": 100.0,
                        "percent_statements_covered_display": "100.00",
                        "num_branches": 0,
                        "num_partial_branches": 0,
                        "covered_branches": 0,
                        "missing_branches": 0,
                        "percent_branches_covered": 100.0,
                        "percent_branches_covered_display": "100.00"
                    },
                    "missing_lines": [],
                    "excluded_lines": [
                        9,
                        15,
                        20,
                        21,
                        24,
                        25,
                        26,
                        43,
                        47
                    ],
                    "executed_branches": [],
                    "missing_branches": []
                }
            },
            "classes": {
                "UserCreate": {
                    "executed_lines": [],
                    "summary": {
                        "covered_lines": 0,
                        "num_statements": 1,
                        "percent_covered": 0.0,
                        "percent_covered_display": "0.00",
                        "missing_lines": 1,
                        "excluded_lines": 6,
                        "percent_statements_covered": 0.0,
                        "percent_statements_covered_display": "0.00",
                        "num_branches": 0,
                        "num_partial_branches": 0,
                        "covered_branches": 0,
                        "missing_branches": 0,
                        "percent_branches_covered": 100.0,
                        "percent_branches_covered_display": "100.00"
                    },
                    "missing_lines": [
                        37
                    ],
                    "excluded_lines": [
                        27,
                        28,
                        29,
                        30,
                        31,
                        32
                    ],
                    "executed_branches": [],
                    "missing_branches": []
                },
                "UserLogin": {
                    "executed_lines": [],
                    "summary": {
                        "covered_lines": 0,
                        "num_statements": 0,
                        "percent_covered": 100.0,
                        "percent_covered_display": "100.00",
                        "missing_lines": 0,
                        "excluded_lines": 0,
                        "percent_statements_covered": 100.0,
                        "percent_statements_covered_display": "100.00",
                        "num_branches": 0,
                        "num_partial_branches": 0,
                        "covered_branches": 0,
                        "missing_branches": 0,
                        "percent_branches_covered": 100.0,
                        "percent_branches_covered_display": "100.00"
                    },
                    "missing_lines": [],
                    "excluded_lines": [],
                    "executed_branches": [],
                    "missing_branches": []
                },
                "UserResponse": {
                    "executed_lines": [],
                    "summary": {
                        "covered_lines": 0,
                        "num_statements": 0,
                        "percent_covered": 100.0,
                        "percent_covered_display": "100.00",
                        "missing_lines": 0,
                        "excluded_lines": 0,
                        "percent_statements_covered": 100.0,
                        "percent_statements_covered_display": "100.00",
                        "num_branches": 0,
                        "num_partial_branches": 0,
                        "covered_branches": 0,
                        "missing_branches": 0,
                        "percent_branches_covered": 100.0,
                        "percent_branches_covered_display": "100.00"
                    },
                    "missing_lines": [],
                    "excluded_lines": [],
                    "executed_branches": [],
                    "missing_branches": []
                },
                "UserResponse.Config": {
                    "executed_lines": [],
                    "summary": {
                        "covered_lines": 0,
                        "num_statements": 0,
                        "percent_covered": 100.0,
                        "percent_covered_display": "100.00",
                        "missing_lines": 0,
                        "excluded_lines": 0,
                        "percent_statements_covered": 100.0,
                        "percent_statements_covered_display": "100.00",
                        "num_branches": 0,
                        "num_partial_branches": 0,
                        "covered_branches": 0,
                        "missing_branches": 0,
                        "percent_branches_covered": 100.0,
                        "percent_branches_covered_display": "100.00"
                    },
                    "missing_lines": [],
                    "excluded_lines": [],
                    "executed_branches": [],
                    "missing_branches": []
                },
                "TokenResponse": {
                    "executed_lines": [],
                    "summary": {
                        "covered_lines": 0,
                        "num_statements": 0,
                        "percent_covered": 100.0,
                        "percent_covered_display": "100.00",
                        "missing_lines": 0,
                        "excluded_lines": 0,
                        "percent_statements_covered": 100.0,
                        "percent_statements_covered_display": "100.00",
                        "num_branches": 0,
                        "num_partial_branches": 0,
                        "covered_branches": 0,
                        "missing_branches": 0,
                        "percent_branches_covered": 100.0,
                        "percent_branches_covered_display": "100.00"
                    },
                    "missing_lines": [],
                    "excluded_lines": [],
                    "executed_branches": [],
                    "missing_branches": []
                },
                "TokenRefresh": {
                    "executed_lines": [],
                    "summary": {
                        "covered_lines": 0,
                        "num_statements": 0,
                        "percent_covered": 100.0,
                        "percent_covered_display": "100.00",
                        "missing_lines": 0,
                        "excluded_lines": 0,
                        "percent_statements_covered": 100.0,
                        "percent_statements_covered_display": "100.00",
                        "num_branches": 0,
                        "num_partial_branches": 0,
                        "covered_branches": 0,
                        "missing_branches": 0,
                        "percent_branches_covered": 100.0,
                        "percent_branches_covered_display": "100.00"
                    },
                    "missing_lines": [],
                    "excluded_lines": [],
                    "executed_branches": [],
                    "missing_branches": []
                },
                "": {
                    "executed_lines": [
                        1,
                        4,
                        5,
                        6,
                        7,
                        8,
                        9,
                        12,
                        13,
                        15,
                        20,
                        21,
                        24,
                        25,
                        26,
                        34,
                        35,
                        40,
                        41,
                        46,
                        47,
                        51,
                        52,
                        55,
                        58,
                        59,
                        62,
                        63,
                        66,
                        70,
                        71
                    ],
                    "summary": {
                        "covered_lines": 18,
                        "num_statements": 18,
                        "percent_covered": 100.0,
                        "percent_covered_display": "100.00",
                        "missing_lines": 0,
                        "excluded_lines": 9,
                        "percent_statements_covered": 100.0,
                        "percent_statements_covered_display": "100.00",
                        "num_branches": 0,
                        "num_partial_branches": 0,
                        "covered_branches": 0,
                        "missing_branches": 0,
                        "percent_branches_covered": 100.0,
                        "percent_branches_covered_display": "100.00"
                    },
                    "missing_lines": [],
                    "excluded_lines": [
                        9,
                        15,
                        20,
                        21,
                        24,
                        25,
                        26,
                        43,
                        47
                    ],
                    "executed_branches": [],
                    "missing_branches": []
                }
            }
        },
        "app/auth/utils.py": {
            "executed_lines": [
                1,
                8,
                9,
                10,
                11,
                12,
                13,
                14,
                15,
                16,
                17,
                20,
                23,
                24,
                29,
                72,
                84,
                85,
                88,
                96,
                102,
                105,
                156,
                166,
                169,
                183,
                196
            ],
            "summary": {
                "covered_lines": 21,
                "num_statements": 34,
                "percent_covered": 55.26315789473684,
                "percent_covered_display": "55.26",
                "missing_lines": 13,
                "excluded_lines": 66,
                "percent_statements_covered": 61.76470588235294,
                "percent_statements_covered_display": "61.76",
                "num_branches": 4,
                "num_partial_branches": 0,
                "covered_branches": 0,
                "missing_branches": 4,
                "percent_branches_covered": 0.0,
                "percent_branches_covered_display": "0.00"
            },
            "missing_lines": [
                118,
                120,
                127,
                128,
                134,
                135,
                137,
                138,
                143,
                148,
                149,
                193,
                210
            ],
            "excluded_lines": [
                1,
                16,
                29,
                30,
                31,
                32,
                33,
                34,
                35,
                36,
                37,
                38,
                39,
                40,
                41,
                42,
                43,
                44,
                45,
                46,
                47,
                48,
                49,
                50,
                51,
                52,
                53,
                54,
                55,
                56,
                57,
                58,
                59,
                60,
                61,
                62,
                63,
                64,
                65,
                66,
                67,
                68,
                69,
                156,
                157,
                158,
                159,
                160,
                161,
                162,
                163,
                164,
                165,
                166,
                169,
                170,
                171,
                172,
                173,
                174,
                175,
                176,
                177,
                178,
                179,
                180
            ],
            "executed_branches": [],
            "missing_branches": [
                [
                    127,
                    128
                ],
                [
                    127,
                    134
                ],
                [
                    137,
                    138
                ],
                [
                    137,
                    143
                ]
            ],
            "functions": {
                "validate_password_strength": {
                    "executed_lines": [],
                    "summary": {
                        "covered_lines": 0,
                        "num_statements": 0,
                        "percent_covered": 100.0,
                        "percent_covered_display": "100.00",
                        "missing_lines": 0,
                        "excluded_lines": 40,
                        "percent_statements_covered": 100.0,
                        "percent_statements_covered_display": "100.00",
                        "num_branches": 0,
                        "num_partial_branches": 0,
                        "covered_branches": 0,
                        "missing_branches": 0,
                        "percent_branches_covered": 100.0,
                        "percent_branches_covered_display": "100.00"
                    },
                    "missing_lines": [],
                    "excluded_lines": [
                        30,
                        31,
                        32,
                        33,
                        34,
                        35,
                        36,
                        37,
                        38,
                        39,
                        40,
                        41,
                        42,
                        43,
                        44,
                        45,
                        46,
                        47,
                        48,
                        49,
                        50,
                        51,
                        52,
                        53,
                        54,
                        55,
                        56,
                        57,
                        58,
                        59,
                        60,
                        61,
                        62,
                        63,
                        64,
                        65,
                        66,
                        67,
                        68,
                        69
                    ],
                    "executed_branches": [],
                    "missing_branches": []
                },
                "create_access_token": {
                    "executed_lines": [
                        84,
                        85,
                        88,
                        96,
                        102
                    ],
                    "summary": {
                        "covered_lines": 5,
                        "num_statements": 5,
                        "percent_covered": 100.0,
                        "percent_covered_display": "100.00",
                        "missing_lines": 0,
                        "excluded_lines": 0,
                        "percent_statements_covered": 100.0,
                        "percent_statements_covered_display": "100.00",
                        "num_branches": 0,
                        "num_partial_branches": 0,
                        "covered_branches": 0,
                        "missing_branches": 0,
                        "percent_branches_covered": 100.0,
                        "percent_branches_covered_display": "100.00"
                    },
                    "missing_lines": [],
                    "excluded_lines": [],
                    "executed_branches": [],
                    "missing_branches": []
                },
                "decode_access_token": {
                    "executed_lines": [],
                    "summary": {
                        "covered_lines": 0,
                        "num_statements": 11,
                        "percent_covered": 0.0,
                        "percent_covered_display": "0.00",
                        "missing_lines": 11,
                        "excluded_lines": 0,
                        "percent_statements_covered": 0.0,
                        "percent_statements_covered_display": "0.00",
                        "num_branches": 4,
                        "num_partial_branches": 0,
                        "covered_branches": 0,
                        "missing_branches": 4,
                        "percent_branches_covered": 0.0,
                        "percent_branches_covered_display": "0.00"
                    },
                    "missing_lines": [
                        118,
                        120,
                        127,
                        128,
                        134,
                        135,
                        137,
                        138,
                        143,
                        148,
                        149
                    ],
                    "excluded_lines": [],
                    "executed_branches": [],
                    "missing_branches": [
                        [
                            127,
                            128
                        ],
                        [
                            127,
                            134
                        ],
                        [
                            137,
                            138
                        ],
                        [
                            137,
                            143
                        ]
                    ]
                },
                "get_password_hash": {
                    "executed_lines": [
                        166
                    ],
                    "summary": {
                        "covered_lines": 0,
                        "num_statements": 0,
                        "percent_covered": 100.0,
                        "percent_covered_display": "100.00",
                        "missing_lines": 0,
                        "excluded_lines": 10,
                        "percent_statements_covered": 100.0,
                        "percent_statements_covered_display": "100.00",
                        "num_branches": 0,
                        "num_partial_branches": 0,
                        "covered_branches": 0,
                        "missing_branches": 0,
                        "percent_branches_covered": 100.0,
                        "percent_branches_covered_display": "100.00"
                    },
                    "missing_lines": [],
                    "excluded_lines": [
                        157,
                        158,
                        159,
                        160,
                        161,
                        162,
                        163,
                        164,
                        165,
                        166
                    ],
                    "executed_branches": [],
                    "missing_branches": []
                },
                "verify_password": {
                    "executed_lines": [],
                    "summary": {
                        "covered_lines": 0,
                        "num_statements": 0,
                        "percent_covered": 100.0,
                        "percent_covered_display": "100.00",
                        "missing_lines": 0,
                        "excluded_lines": 11,
                        "percent_statements_covered": 100.0,
                        "percent_statements_covered_display": "100.00",
                        "num_branches": 0,
                        "num_partial_branches": 0,
                        "covered_branches": 0,
                        "missing_branches": 0,
                        "percent_branches_covered": 100.0,
                        "percent_branches_covered_display": "100.00"
                    },
                    "missing_lines": [],
                    "excluded_lines": [
                        170,
                        171,
                        172,
                        173,
                        174,
                        175,
                        176,
                        177,
                        178,
                        179,
                        180
                    ],
                    "executed_branches": [],
                    "missing_branches": []
                },
                "create_refresh_token": {
                    "executed_lines": [],
                    "summary": {
                        "covered_lines": 0,
                        "num_statements": 1,
                        "percent_covered": 0.0,
                        "percent_covered_display": "0.00",
                        "missing_lines": 1,
                        "excluded_lines": 0,
                        "percent_statements_covered": 0.0,
                        "percent_statements_covered_display": "0.00",
                        "num_branches": 0,
                        "num_partial_branches": 0,
                        "covered_branches": 0,
                        "missing_branches": 0,
                        "percent_branches_covered": 100.0,
                        "percent_branches_covered_display": "100.00"
                    },
                    "missing_lines": [
                        193
                    ],
                    "excluded_lines": [],
                    "executed_branches": [],
                    "missing_branches": []
                },
                "hash_refresh_token": {
                    "executed_lines": [],
                    "summary": {
                        "covered_lines": 0,
                        "num_statements": 1,
                        "percent_covered": 0.0,
                        "percent_covered_display": "0.00",
                        "missing_lines": 1,
                        "excluded_lines": 0,
                        "percent_statements_covered": 0.0,
                        "percent_statements_covered_display": "0.00",
                        "num_branches": 0,
                        "num_partial_branches": 0,
                        "covered_branches": 0,
                        "missing_branches": 0,
                        "percent_branches_covered": 100.0,
                        "percent_branches_covered_display": "100.00"
                    },
                    "missing_lines": [
                        210
                    ],
                    "excluded_lines": [],
                    "executed_branches": [],
                    "missing_branches": []
                },
                "": {
                    "executed_lines": [
                        1,
                        8,
                        9,
                        10,
                        11,
                        12,
                        13,
                        14,
                        15,
                        16,
                        17,
                        20,
                        23,
                        24,
                        29,
                        72,
                        105,
                        156,
                        169,
                        183,
                        196
                    ],
                    "summary": {
                        "covered_lines": 16,
                        "num_statements": 16,
                        "percent_covered": 100.0,
                        "percent_covered_display": "100.00",
                        "missing_lines": 0,
                        "excluded_lines": 5,
                        "percent_statements_covered": 100.0,
[...]
                        "covered_lines": 0,
                        "num_statements": 7,
                        "percent_covered": 0.0,
                        "percent_covered_display": "0.00",
                        "missing_lines": 7,
                        "excluded_lines": 0,
                        "percent_statements_covered": 0.0,
                        "percent_statements_covered_display": "0.00",
                        "num_branches": 4,
                        "num_partial_branches": 0,
                        "covered_branches": 0,
                        "missing_branches": 4,
                        "percent_branches_covered": 0.0,
                        "percent_branches_covered_display": "0.00"
                    },
                    "missing_lines": [
                        340,
                        343,
                        345,
                        346,
                        351,
                        352,
                        357
                    ],
                    "excluded_lines": [],
                    "executed_branches": [],
                    "missing_branches": [
                        [
                            345,
                            346
                        ],
                        [
                            345,
                            351
                        ],
                        [
                            351,
                            352
                        ],
                        [
                            351,
                            357
                        ]
                    ]
                },
                "validate_session_exists": {
                    "executed_lines": [],
                    "summary": {
                        "covered_lines": 0,
                        "num_statements": 5,
                        "percent_covered": 0.0,
                        "percent_covered_display": "0.00",
                        "missing_lines": 5,
                        "excluded_lines": 0,
                        "percent_statements_covered": 0.0,
                        "percent_statements_covered_display": "0.00",
                        "num_branches": 2,
                        "num_partial_branches": 0,
                        "covered_branches": 0,
                        "missing_branches": 2,
                        "percent_branches_covered": 0.0,
                        "percent_branches_covered_display": "0.00"
                    },
                    "missing_lines": [
                        377,
                        380,
                        382,
                        383,
                        388
                    ],
                    "excluded_lines": [],
                    "executed_branches": [],
                    "missing_branches": [
                        [
                            382,
                            383
                        ],
                        [
                            382,
                            388
                        ]
                    ]
                },
                "validate_required_string": {
                    "executed_lines": [],
                    "summary": {
                        "covered_lines": 0,
                        "num_statements": 8,
                        "percent_covered": 0.0,
                        "percent_covered_display": "0.00",
                        "missing_lines": 8,
                        "excluded_lines": 0,
                        "percent_statements_covered": 0.0,
                        "percent_statements_covered_display": "0.00",
                        "num_branches": 6,
                        "num_partial_branches": 0,
                        "covered_branches": 0,
                        "missing_branches": 6,
                        "percent_branches_covered": 0.0,
                        "percent_branches_covered_display": "0.00"
                    },
                    "missing_lines": [
                        416,
                        417,
                        422,
                        424,
                        425,
                        430,
                        431,
                        436
                    ],
                    "excluded_lines": [],
                    "executed_branches": [],
                    "missing_branches": [
                        [
                            416,
                            417
                        ],
                        [
                            416,
                            422
                        ],
                        [
                            424,
                            425
                        ],
                        [
                            424,
                            430
                        ],
                        [
                            430,
                            431
                        ],
                        [
                            430,
                            436
                        ]
                    ]
                },
                "validate_positive_int": {
                    "executed_lines": [],
                    "summary": {
                        "covered_lines": 0,
                        "num_statements": 5,
                        "percent_covered": 0.0,
                        "percent_covered_display": "0.00",
                        "missing_lines": 5,
                        "excluded_lines": 0,
                        "percent_statements_covered": 0.0,
                        "percent_statements_covered_display": "0.00",
                        "num_branches": 4,
                        "num_partial_branches": 0,
                        "covered_branches": 0,
                        "missing_branches": 4,
                        "percent_branches_covered": 0.0,
                        "percent_branches_covered_display": "0.00"
                    },
                    "missing_lines": [
                        458,
                        459,
                        464,
                        465,
                        470
                    ],
                    "excluded_lines": [],
                    "executed_branches": [],
                    "missing_branches": [
                        [
                            458,
                            459
                        ],
                        [
                            458,
                            464
                        ],
                        [
                            464,
                            465
                        ],
                        [
                            464,
                            470
                        ]
                    ]
                },
                "": {
                    "executed_lines": [
                        1,
                        11,
                        12,
                        13,
                        14,
                        15,
                        16,
                        17,
                        18,
                        20,
                        28,
                        34,
                        41,
                        83,
                        146,
                        149,
                        156,
                        219,
                        240,
                        291,
                        322,
                        360,
                        395,
                        439
                    ],
                    "summary": {
                        "covered_lines": 23,
                        "num_statements": 23,
                        "percent_covered": 100.0,
                        "percent_covered_display": "100.00",
                        "missing_lines": 0,
                        "excluded_lines": 0,
                        "percent_statements_covered": 100.0,
                        "percent_statements_covered_display": "100.00",
                        "num_branches": 0,
                        "num_partial_branches": 0,
                        "covered_branches": 0,
                        "missing_branches": 0,
                        "percent_branches_covered": 100.0,
                        "percent_branches_covered_display": "100.00"
                    },
                    "missing_lines": [],
                    "excluded_lines": [],
                    "executed_branches": [],
                    "missing_branches": []
                }
            },
            "classes": {
                "": {
                    "executed_lines": [
                        1,
                        11,
                        12,
                        13,
                        14,
                        15,
                        16,
                        17,
                        18,
                        20,
                        28,
                        34,
                        41,
                        83,
                        146,
                        149,
                        156,
                        219,
                        240,
                        291,
                        322,
                        360,
                        395,
                        439
                    ],
                    "summary": {
                        "covered_lines": 23,
                        "num_statements": 110,
                        "percent_covered": 14.024390243902438,
                        "percent_covered_display": "14.02",
                        "missing_lines": 87,
                        "excluded_lines": 0,
                        "percent_statements_covered": 20.90909090909091,
                        "percent_statements_covered_display": "20.91",
                        "num_branches": 54,
                        "num_partial_branches": 0,
                        "covered_branches": 0,
                        "missing_branches": 54,
                        "percent_branches_covered": 0.0,
                        "percent_branches_covered_display": "0.00"
                    },
                    "missing_lines": [
                        55,
                        56,
                        58,
                        60,
                        61,
                        64,
                        67,
                        68,
                        74,
                        75,
                        80,
                        102,
                        103,
                        105,
                        107,
                        108,
                        111,
                        112,
                        119,
                        120,
                        121,
                        123,
                        126,
                        127,
                        132,
                        133,
                        138,
                        177,
                        178,
                        180,
                        183,
                        186,
                        187,
                        193,
                        196,
                        197,
                        198,
                        204,
                        206,
                        207,
                        208,
                        209,
                        211,
                        256,
                        257,
                        258,
                        259,
                        260,
                        266,
                        268,
                        269,
                        272,
                        273,
                        276,
                        277,
                        278,
                        280,
                        308,
                        311,
                        313,
                        314,
                        319,
                        340,
                        343,
                        345,
                        346,
                        351,
                        352,
                        357,
                        377,
                        380,
                        382,
                        383,
                        388,
                        416,
                        417,
                        422,
                        424,
                        425,
                        430,
                        431,
                        436,
                        458,
                        459,
                        464,
                        465,
                        470
                    ],
                    "excluded_lines": [],
                    "executed_branches": [],
                    "missing_branches": [
                        [
                            55,
                            56
                        ],
                        [
                            55,
                            58
                        ],
                        [
                            60,
                            61
                        ],
                        [
                            60,
                            64
                        ],
                        [
                            67,
                            68
                        ],
                        [
                            67,
                            74
                        ],
                        [
                            74,
                            75
                        ],
                        [
                            74,
                            80
                        ],
                        [
                            102,
                            103
                        ],
                        [
                            102,
                            105
                        ],
                        [
                            107,
                            108
                        ],
                        [
                            107,
                            111
                        ],
                        [
                            111,
                            112
                        ],
                        [
                            111,
                            119
                        ],
                        [
                            120,
                            121
                        ],
                        [
                            120,
                            123
                        ],
                        [
                            126,
                            127
                        ],
                        [
                            126,
                            132
                        ],
                        [
                            132,
                            133
                        ],
                        [
                            132,
                            138
                        ],
                        [
                            177,
                            178
                        ],
                        [
                            177,
                            180
                        ],
                        [
                            186,
                            187
                        ],
                        [
                            186,
                            193
                        ],
                        [
                            197,
                            198
                        ],
                        [
                            197,
                            204
                        ],
                        [
                            204,
                            206
                        ],
                        [
                            204,
                            211
                        ],
                        [
                            266,
                            268
                        ],
                        [
                            266,
                            276
                        ],
                        [
                            268,
                            269
                        ],
                        [
                            268,
                            272
                        ],
                        [
                            272,
                            266
                        ],
                        [
                            272,
                            273
                        ],
                        [
                            277,
                            278
                        ],
                        [
                            277,
                            280
                        ],
                        [
                            313,
                            314
                        ],
                        [
                            313,
                            319
                        ],
                        [
                            345,
                            346
                        ],
                        [
                            345,
                            351
                        ],
                        [
                            351,
                            352
                        ],
                        [
                            351,
                            357
                        ],
                        [
                            382,
                            383
                        ],
                        [
                            382,
                            388
                        ],
                        [
                            416,
                            417
                        ],
                        [
                            416,
                            422
                        ],
                        [
                            424,
                            425
                        ],
                        [
                            424,
                            430
                        ],
                        [
                            430,
                            431
                        ],
                        [
                            430,
                            436
                        ],
                        [
                            458,
                            459
                        ],
                        [
                            458,
                            464
                        ],
                        [
                            464,
                            465
                        ],
                        [
                            464,
                            470
                        ]
                    ]
                }
            }
        }
    },
    "totals": {
        "covered_lines": 636,
        "num_statements": 1735,
        "percent_covered": 31.553160215580597,
        "percent_covered_display": "31.55",
        "missing_lines": 1099,
        "excluded_lines": 386,
        "percent_statements_covered": 36.65706051873199,
        "percent_statements_covered_display": "36.66",
        "num_branches": 306,
        "num_partial_branches": 8,
        "covered_branches": 8,
        "missing_branches": 298,
        "percent_branches_covered": 2.6143790849673203,
        "percent_branches_covered_display": "2.61"
    }
}